<?xml version="1.0" encoding="UTF-8"?>
<robot generator="Robot 3.2.2 (Python 3.9.1 on win32)" generated="20210311 14:52:19.022" rpa="false">
<suite id="s1" name="Fastfood" source="D:\tutorials\automate_test\fastfood.robot">
<test id="s1-t1" name="CreateFood">
<kw name="open web">
<kw name="Open Browser" library="Selenium2Library">
<doc>Opens a new browser instance to the optional ``url``.</doc>
<arguments>
<arg>${url}</arg>
<arg>${browser}</arg>
</arguments>
<msg timestamp="20210311 14:52:19.191" level="INFO">Opening browser 'chrome' to base url 'http://localhost:8080/login'.</msg>
<status status="PASS" starttime="20210311 14:52:19.191" endtime="20210311 14:52:21.976"></status>
</kw>
<kw name="Maximize Browser Window" library="Selenium2Library">
<doc>Maximizes current browser window.</doc>
<status status="PASS" starttime="20210311 14:52:21.976" endtime="20210311 14:52:22.087"></status>
</kw>
<status status="PASS" starttime="20210311 14:52:19.190" endtime="20210311 14:52:22.087"></status>
</kw>
<kw name="login">
<kw name="Input Text" library="Selenium2Library">
<doc>Types the given ``text`` into the text field identified by ``locator``.</doc>
<arguments>
<arg>id=input-8</arg>
<arg>armthtj1</arg>
</arguments>
<msg timestamp="20210311 14:52:22.088" level="INFO">Typing text 'armthtj1' into text field 'id=input-8'.</msg>
<status status="PASS" starttime="20210311 14:52:22.088" endtime="20210311 14:52:22.204"></status>
</kw>
<kw name="Input Text" library="Selenium2Library">
<doc>Types the given ``text`` into the text field identified by ``locator``.</doc>
<arguments>
<arg>id=input-11</arg>
<arg>armbanna555</arg>
</arguments>
<msg timestamp="20210311 14:52:22.205" level="INFO">Typing text 'armbanna555' into text field 'id=input-11'.</msg>
<status status="PASS" starttime="20210311 14:52:22.204" endtime="20210311 14:52:22.314"></status>
</kw>
<kw name="Click Element" library="Selenium2Library">
<doc>Click the element identified by ``locator``.</doc>
<arguments>
<arg>xpath=/html[1]/body[1]/div[1]/div[1]/main[1]/div[1]/div[1]/form[1]/button[1]/span[1]</arg>
</arguments>
<msg timestamp="20210311 14:52:22.314" level="INFO">Clicking element 'xpath=/html[1]/body[1]/div[1]/div[1]/main[1]/div[1]/div[1]/form[1]/button[1]/span[1]'.</msg>
<status status="PASS" starttime="20210311 14:52:22.314" endtime="20210311 14:52:22.354"></status>
</kw>
<status status="PASS" starttime="20210311 14:52:22.088" endtime="20210311 14:52:22.354"></status>
</kw>
<kw name="food create">
<kw name="Press Keys" library="Selenium2Library">
<doc>Simulates the user pressing key(s) to an element or on the active browser.</doc>
<arguments>
<arg>xpath=//body</arg>
<arg>'\ue010'</arg>
</arguments>
<msg timestamp="20210311 14:52:22.355" level="INFO">Sending key(s) ("'\ue010'",) to xpath=//body element.</msg>
<msg timestamp="20210311 14:52:22.850" level="INFO">Sending keys ''</msg>
<status status="PASS" starttime="20210311 14:52:22.354" endtime="20210311 14:52:22.855"></status>
</kw>
<kw name="Sleep" library="BuiltIn">
<doc>Pauses the test executed for the given time.</doc>
<arguments>
<arg>1</arg>
</arguments>
<msg timestamp="20210311 14:52:23.870" level="INFO">Slept 1 second</msg>
<status status="PASS" starttime="20210311 14:52:22.855" endtime="20210311 14:52:23.870"></status>
</kw>
<kw name="Click Element" library="Selenium2Library">
<doc>Click the element identified by ``locator``.</doc>
<arguments>
<arg>xpath=//body/div[@id='app']/div[1]/div[1]/div[1]/main[1]/div[1]/div[1]/div[1]/div[19]/div[1]/div[2]/button[1]</arg>
</arguments>
<msg timestamp="20210311 14:52:23.870" level="INFO">Clicking element 'xpath=//body/div[@id='app']/div[1]/div[1]/div[1]/main[1]/div[1]/div[1]/div[1]/div[19]/div[1]/div[2]/button[1]'.</msg>
<status status="PASS" starttime="20210311 14:52:23.870" endtime="20210311 14:52:23.981"></status>
</kw>
<kw name="Sleep" library="BuiltIn">
<doc>Pauses the test executed for the given time.</doc>
<arguments>
<arg>1</arg>
</arguments>
<msg timestamp="20210311 14:52:24.986" level="INFO">Slept 1 second</msg>
<status status="PASS" starttime="20210311 14:52:23.981" endtime="20210311 14:52:24.986"></status>
</kw>
<kw name="Input Text" library="Selenium2Library">
<doc>Types the given ``text`` into the text field identified by ``locator``.</doc>
<arguments>
<arg>xpath=/html[1]/body[1]/div[1]/div[3]/div[1]/div[1]/div[2]/form[1]/div[1]/div[1]/div[1]/div[1]/input[1]</arg>
<arg>Whisky</arg>
</arguments>
<msg timestamp="20210311 14:52:24.986" level="INFO">Typing text 'Whisky' into text field 'xpath=/html[1]/body[1]/div[1]/div[3]/div[1]/div[1]/div[2]/form[1]/div[1]/div[1]/div[1]/div[1]/input[1]'.</msg>
<status status="PASS" starttime="20210311 14:52:24.986" endtime="20210311 14:52:25.242"></status>
</kw>
<kw name="Sleep" library="BuiltIn">
<doc>Pauses the test executed for the given time.</doc>
<arguments>
<arg>1</arg>
</arguments>
<msg timestamp="20210311 14:52:26.251" level="INFO">Slept 1 second</msg>
<status status="PASS" starttime="20210311 14:52:25.242" endtime="20210311 14:52:26.251"></status>
</kw>
<kw name="Click Element" library="Selenium2Library">
<doc>Click the element identified by ``locator``.</doc>
<arguments>
<arg>xpath=//body/div[@id='app']/div[3]/div[1]/div[1]/div[2]/form[1]/div[2]/div[1]/div[1]/div[1]/div[1]</arg>
</arguments>
<msg timestamp="20210311 14:52:26.251" level="INFO">Clicking element 'xpath=//body/div[@id='app']/div[3]/div[1]/div[1]/div[2]/form[1]/div[2]/div[1]/div[1]/div[1]/div[1]'.</msg>
<status status="PASS" starttime="20210311 14:52:26.251" endtime="20210311 14:52:26.292"></status>
</kw>
<kw name="Click Element" library="Selenium2Library">
<doc>Click the element identified by ``locator``.</doc>
<arguments>
<arg>xpath=//body/div[@id='app']/div[4]/div[1]/div[1]/div[1]/div[1]</arg>
</arguments>
<msg timestamp="20210311 14:52:26.293" level="INFO">Clicking element 'xpath=//body/div[@id='app']/div[4]/div[1]/div[1]/div[1]/div[1]'.</msg>
<status status="PASS" starttime="20210311 14:52:26.292" endtime="20210311 14:52:26.419"></status>
</kw>
<kw name="Sleep" library="BuiltIn">
<doc>Pauses the test executed for the given time.</doc>
<arguments>
<arg>1</arg>
</arguments>
<msg timestamp="20210311 14:52:27.421" level="INFO">Slept 1 second</msg>
<status status="PASS" starttime="20210311 14:52:26.419" endtime="20210311 14:52:27.421"></status>
</kw>
<kw name="Input Text" library="Selenium2Library">
<doc>Types the given ``text`` into the text field identified by ``locator``.</doc>
<arguments>
<arg>xpath=/html[1]/body[1]/div[1]/div[3]/div[1]/div[1]/div[2]/form[1]/div[3]/div[1]/div[1]/div[1]/input[1]</arg>
<arg>1500</arg>
</arguments>
<msg timestamp="20210311 14:52:27.421" level="INFO">Typing text '1500' into text field 'xpath=/html[1]/body[1]/div[1]/div[3]/div[1]/div[1]/div[2]/form[1]/div[3]/div[1]/div[1]/div[1]/input[1]'.</msg>
<status status="PASS" starttime="20210311 14:52:27.421" endtime="20210311 14:52:27.604"></status>
</kw>
<kw name="Sleep" library="BuiltIn">
<doc>Pauses the test executed for the given time.</doc>
<arguments>
<arg>1</arg>
</arguments>
<msg timestamp="20210311 14:52:28.617" level="INFO">Slept 1 second</msg>
<status status="PASS" starttime="20210311 14:52:27.604" endtime="20210311 14:52:28.617"></status>
</kw>
<kw name="Choose File" library="Selenium2Library">
<doc>Inputs the ``file_path`` into the file input field ``locator``.</doc>
<arguments>
<arg>xpath=//input[@type="file"]</arg>
<arg>${desktopPath}/foods.xlsx</arg>
</arguments>
<msg timestamp="20210311 14:52:28.617" level="INFO">Sending C:\Users\office_arm\Desktop\foods.xlsx to browser.</msg>
<status status="PASS" starttime="20210311 14:52:28.617" endtime="20210311 14:52:28.676"></status>
</kw>
<kw name="Click Button" library="Selenium2Library">
<doc>Clicks the button identified by ``locator``.</doc>
<arguments>
<arg>xpath=/html[1]/body[1]/div[1]/div[3]/div[1]/div[1]/div[2]/form[1]/button[1]</arg>
</arguments>
<msg timestamp="20210311 14:52:28.677" level="INFO">Clicking button 'xpath=/html[1]/body[1]/div[1]/div[3]/div[1]/div[1]/div[2]/form[1]/button[1]'.</msg>
<status status="PASS" starttime="20210311 14:52:28.676" endtime="20210311 14:52:28.723"></status>
</kw>
<status status="PASS" starttime="20210311 14:52:22.354" endtime="20210311 14:52:28.723"></status>
</kw>
<status status="PASS" starttime="20210311 14:52:19.190" endtime="20210311 14:52:28.723" critical="yes"></status>
</test>
<status status="PASS" starttime="20210311 14:52:19.023" endtime="20210311 14:52:28.724"></status>
</suite>
<statistics>
<total>
<stat pass="1" fail="0">Critical Tests</stat>
<stat pass="1" fail="0">All Tests</stat>
</total>
<tag>
</tag>
<suite>
<stat pass="1" fail="0" id="s1" name="Fastfood">Fastfood</stat>
</suite>
</statistics>
<errors>
</errors>
</robot>
